<?xml version="1.0" encoding="UTF-8"?>
<!-- Generated by org.testng.reporters.JUnitXMLReporter -->
<testsuite ignored="0" hostname="Niraj-PC" failures="0" tests="1" name="Test1" time="0.4" errors="0" timestamp="2025-11-27T21:41:59 IST">
  <testcase classname="com.douglas.genericUtility.BaseClass" name="@BeforeClass beforeClassTest" time="0.013">
    <failure type="java.lang.RuntimeException" message="Failed to launch browser">
      <![CDATA[java.lang.RuntimeException: Failed to launch browser
at com.douglas.genericUtility.BaseClass.beforeClassTest(BaseClass.java:331)
at java.base/java.util.ArrayList.forEach(ArrayList.java:1511)
at java.base/java.util.concurrent.FutureTask.run(FutureTask.java:264)
at java.base/java.util.concurrent.ThreadPoolExecutor.runWorker(ThreadPoolExecutor.java:1136)
at java.base/java.util.concurrent.ThreadPoolExecutor$Worker.run(ThreadPoolExecutor.java:635)
at java.base/java.lang.Thread.run(Thread.java:840)
Caused by: java.lang.NullPointerException: Cannot invoke "com.douglas.genericUtility.PropertyFileUtility.getDataFromPropertyFile(String)" because "this.propertyFileUtility" is null
at com.douglas.genericUtility.BaseClass.beforeClassTest(BaseClass.java:289)
... 20 more
... Removed 15 stack frames]]>
    </failure>
  </testcase> <!-- @BeforeClass beforeClassTest -->
  <testcase classname="com.douglas.genericUtility.BaseClass" name="@BeforeMethod beforeMethod" time="0.0">
    <skipped/>
  </testcase> <!-- @BeforeMethod beforeMethod -->
  <testcase classname="com.douglas.genericUtility.BaseClass" name="@AfterMethod afterMethod" time="0.0">
    <skipped/>
  </testcase> <!-- @AfterMethod afterMethod -->
  <testcase classname="com.douglas.genericUtility.BaseClass" name="@AfterClass afterClass" time="0.0">
    <skipped/>
  </testcase> <!-- @AfterClass afterClass -->
  <testcase classname="PentaGroup.VerifyProductListTest" name="verifyProductListTest" time="0.001">
    <skipped/>
  </testcase> <!-- verifyProductListTest -->
</testsuite> <!-- Test1 -->
