<?xml version="1.0" encoding="UTF-8"?>
<!-- Generated by org.testng.reporters.JUnitXMLReporter -->
<testsuite ignored="0" hostname="Niraj-PC" failures="0" tests="1" name="Test1" time="0.631" errors="0" timestamp="2025-11-27T17:40:26 IST">
  <testcase classname="com.douglas.genericUtility.BaseClass" name="@BeforeClass beforeClassTest" time="0.009">
    <failure type="java.lang.RuntimeException" message="❌ Failed to launch browser">
      <![CDATA[java.lang.RuntimeException: ❌ Failed to launch browser
at com.douglas.genericUtility.BaseClass.beforeClassTest(BaseClass.java:112)
at java.base/java.util.ArrayList.forEach(ArrayList.java:1511)
at java.base/java.util.concurrent.FutureTask.run(FutureTask.java:264)
at java.base/java.util.concurrent.ThreadPoolExecutor.runWorker(ThreadPoolExecutor.java:1136)
at java.base/java.util.concurrent.ThreadPoolExecutor$Worker.run(ThreadPoolExecutor.java:635)
at java.base/java.lang.Thread.run(Thread.java:840)
Caused by: java.lang.NullPointerException: Cannot invoke "org.apache.logging.log4j.Logger.info(String)" because "this.logger" is null
at com.douglas.genericUtility.BaseClass.beforeClassTest(BaseClass.java:79)
... 20 more
... Removed 15 stack frames]]>
    </failure>
  </testcase> <!-- @BeforeClass beforeClassTest -->
  <testcase classname="com.douglas.genericUtility.BaseClass" name="@BeforeMethod beforeMethodTest" time="0.0">
    <skipped/>
  </testcase> <!-- @BeforeMethod beforeMethodTest -->
  <testcase classname="com.douglas.genericUtility.BaseClass" name="@AfterMethod afterMethodTest" time="0.0">
    <skipped/>
  </testcase> <!-- @AfterMethod afterMethodTest -->
  <testcase classname="com.douglas.genericUtility.BaseClass" name="@AfterClass afterClassTest" time="0.0">
    <skipped/>
  </testcase> <!-- @AfterClass afterClassTest -->
  <testcase classname="PentaGroup.VerifyProductListTest" name="verifyProductListTest" time="0.0">
    <skipped/>
  </testcase> <!-- verifyProductListTest -->
</testsuite> <!-- Test1 -->
