<?xml version="1.0" encoding="UTF-8"?>
<testng-results ignored="0" total="2" passed="1" failed="0" skipped="1">
  <reporter-output>
  </reporter-output>
  <suite started-at="2025-11-27T21:44:08 IST" name="Suite" finished-at="2025-11-27T21:45:31 IST" duration-ms="82460">
    <groups>
    </groups>
    <test started-at="2025-11-27T21:44:08 IST" name="Test" finished-at="2025-11-27T21:45:31 IST" duration-ms="82460">
      <class name="PentaGroup.VerifyProductListTest2">
        <test-method is-config="true" signature="beforeClassTest(java.lang.String)[pri:0, instance:PentaGroup.VerifyProductListTest2@6f10d5b6]" started-at="2025-11-27T21:44:09 IST" name="beforeClassTest" finished-at="2025-11-27T21:44:09 IST" duration-ms="19" status="FAIL">
          <params>
            <param index="0">
              <value>
                <![CDATA[chrome]]>
              </value>
            </param>
          </params>
          <exception class="java.lang.RuntimeException">
            <message>
              <![CDATA[Failed to launch browser]]>
            </message>
            <full-stacktrace>
              <![CDATA[java.lang.RuntimeException: Failed to launch browser
at com.douglas.genericUtility.BaseClass.beforeClassTest(BaseClass.java:330)
at java.base/jdk.internal.reflect.NativeMethodAccessorImpl.invoke0(Native Method)
at java.base/jdk.internal.reflect.NativeMethodAccessorImpl.invoke(NativeMethodAccessorImpl.java:77)
at java.base/jdk.internal.reflect.DelegatingMethodAccessorImpl.invoke(DelegatingMethodAccessorImpl.java:43)
at java.base/java.lang.reflect.Method.invoke(Method.java:568)
at org.testng.internal.invokers.MethodInvocationHelper.invokeMethod(MethodInvocationHelper.java:141)
at org.testng.internal.invokers.MethodInvocationHelper.invokeMethodConsideringTimeout(MethodInvocationHelper.java:71)
at org.testng.internal.invokers.ConfigInvoker.invokeConfigurationMethod(ConfigInvoker.java:400)
at org.testng.internal.invokers.ConfigInvoker.invokeConfigurations(ConfigInvoker.java:333)
at org.testng.internal.invokers.TestMethodWorker.invokeBeforeClassMethods(TestMethodWorker.java:188)
at org.testng.internal.invokers.TestMethodWorker.run(TestMethodWorker.java:128)
at java.base/java.util.concurrent.Executors$RunnableAdapter.call(Executors.java:539)
at java.base/java.util.concurrent.FutureTask.run(FutureTask.java:264)
at org.testng.internal.thread.graph.TestNGFutureTask.run(TestNGFutureTask.java:22)
at java.base/java.util.concurrent.ThreadPoolExecutor.runWorker(ThreadPoolExecutor.java:1136)
at java.base/java.util.concurrent.ThreadPoolExecutor$Worker.run(ThreadPoolExecutor.java:635)
at java.base/java.lang.Thread.run(Thread.java:840)
Caused by: java.lang.NullPointerException: Cannot invoke "com.douglas.genericUtility.PropertyFileUtility.getDataFromPropertyFile(String)" because "this.propertyFileUtility" is null
at com.douglas.genericUtility.BaseClass.beforeClassTest(BaseClass.java:288)
... 16 more
]]>
            </full-stacktrace>
          </exception> <!-- java.lang.RuntimeException -->
          <reporter-output>
          </reporter-output>
        </test-method> <!-- beforeClassTest -->
        <test-method is-config="true" signature="beforeMethod(java.lang.reflect.Method)[pri:0, instance:PentaGroup.VerifyProductListTest2@6f10d5b6]" started-at="2025-11-27T21:44:09 IST" name="beforeMethod" finished-at="2025-11-27T21:44:09 IST" duration-ms="0" status="SKIP">
          <reporter-output>
          </reporter-output>
        </test-method> <!-- beforeMethod -->
        <test-method signature="verifyProductListTest()[pri:0, instance:PentaGroup.VerifyProductListTest2@6f10d5b6]" started-at="2025-11-27T21:44:09 IST" name="verifyProductListTest" finished-at="2025-11-27T21:44:09 IST" duration-ms="1" status="SKIP">
          <exception class="java.lang.RuntimeException">
            <message>
              <![CDATA[Failed to launch browser]]>
            </message>
            <full-stacktrace>
              <![CDATA[java.lang.RuntimeException: Failed to launch browser
at com.douglas.genericUtility.BaseClass.beforeClassTest(BaseClass.java:330)
at java.base/jdk.internal.reflect.NativeMethodAccessorImpl.invoke0(Native Method)
at java.base/jdk.internal.reflect.NativeMethodAccessorImpl.invoke(NativeMethodAccessorImpl.java:77)
at java.base/jdk.internal.reflect.DelegatingMethodAccessorImpl.invoke(DelegatingMethodAccessorImpl.java:43)
at java.base/java.lang.reflect.Method.invoke(Method.java:568)
at org.testng.internal.invokers.MethodInvocationHelper.invokeMethod(MethodInvocationHelper.java:141)
at org.testng.internal.invokers.MethodInvocationHelper.invokeMethodConsideringTimeout(MethodInvocationHelper.java:71)
at org.testng.internal.invokers.ConfigInvoker.invokeConfigurationMethod(ConfigInvoker.java:400)
at org.testng.internal.invokers.ConfigInvoker.invokeConfigurations(ConfigInvoker.java:333)
at org.testng.internal.invokers.TestMethodWorker.invokeBeforeClassMethods(TestMethodWorker.java:188)
at org.testng.internal.invokers.TestMethodWorker.run(TestMethodWorker.java:128)
at java.base/java.util.concurrent.Executors$RunnableAdapter.call(Executors.java:539)
at java.base/java.util.concurrent.FutureTask.run(FutureTask.java:264)
at org.testng.internal.thread.graph.TestNGFutureTask.run(TestNGFutureTask.java:22)
at java.base/java.util.concurrent.ThreadPoolExecutor.runWorker(ThreadPoolExecutor.java:1136)
at java.base/java.util.concurrent.ThreadPoolExecutor$Worker.run(ThreadPoolExecutor.java:635)
at java.base/java.lang.Thread.run(Thread.java:840)
Caused by: java.lang.NullPointerException: Cannot invoke "com.douglas.genericUtility.PropertyFileUtility.getDataFromPropertyFile(String)" because "this.propertyFileUtility" is null
at com.douglas.genericUtility.BaseClass.beforeClassTest(BaseClass.java:288)
... 16 more
]]>
            </full-stacktrace>
          </exception> <!-- java.lang.RuntimeException -->
          <reporter-output>
          </reporter-output>
        </test-method> <!-- verifyProductListTest -->
        <test-method is-config="true" signature="afterMethod(org.testng.ITestResult)[pri:0, instance:PentaGroup.VerifyProductListTest2@6f10d5b6]" started-at="2025-11-27T21:44:09 IST" name="afterMethod" finished-at="2025-11-27T21:44:09 IST" duration-ms="0" status="SKIP">
          <reporter-output>
          </reporter-output>
        </test-method> <!-- afterMethod -->
        <test-method is-config="true" signature="afterClass()[pri:0, instance:PentaGroup.VerifyProductListTest2@6f10d5b6]" started-at="2025-11-27T21:44:09 IST" name="afterClass" finished-at="2025-11-27T21:44:09 IST" duration-ms="0" status="SKIP">
          <reporter-output>
          </reporter-output>
        </test-method> <!-- afterClass -->
      </class> <!-- PentaGroup.VerifyProductListTest2 -->
      <class name="PentaGroup.VerifyProductListTest">
        <test-method is-config="true" signature="beforeSuiteTest()[pri:0, instance:PentaGroup.VerifyProductListTest@305ffe9e]" started-at="2025-11-27T21:44:03 IST" name="beforeSuiteTest" finished-at="2025-11-27T21:44:08 IST" duration-ms="5677" status="PASS">
          <reporter-output>
          </reporter-output>
        </test-method> <!-- beforeSuiteTest -->
        <test-method is-config="true" signature="beforeClassTest(java.lang.String)[pri:0, instance:PentaGroup.VerifyProductListTest@305ffe9e]" started-at="2025-11-27T21:44:09 IST" name="beforeClassTest" finished-at="2025-11-27T21:44:33 IST" duration-ms="24832" status="PASS">
          <params>
            <param index="0">
              <value>
                <![CDATA[chrome]]>
              </value>
            </param>
          </params>
          <reporter-output>
          </reporter-output>
        </test-method> <!-- beforeClassTest -->
        <test-method is-config="true" signature="beforeMethod(java.lang.reflect.Method)[pri:0, instance:PentaGroup.VerifyProductListTest@305ffe9e]" started-at="2025-11-27T21:44:33 IST" name="beforeMethod" finished-at="2025-11-27T21:44:34 IST" duration-ms="22" status="PASS">
          <params>
            <param index="0">
              <value>
                <![CDATA[public void PentaGroup.VerifyProductListTest.verifyProductListTest() throws java.lang.InterruptedException]]>
              </value>
            </param>
          </params>
          <reporter-output>
          </reporter-output>
        </test-method> <!-- beforeMethod -->
        <test-method signature="verifyProductListTest()[pri:0, instance:PentaGroup.VerifyProductListTest@305ffe9e]" started-at="2025-11-27T21:44:34 IST" name="verifyProductListTest" finished-at="2025-11-27T21:45:30 IST" duration-ms="56275" status="PASS">
          <reporter-output>
          </reporter-output>
        </test-method> <!-- verifyProductListTest -->
        <test-method is-config="true" signature="afterMethod(org.testng.ITestResult)[pri:0, instance:PentaGroup.VerifyProductListTest@305ffe9e]" started-at="2025-11-27T21:45:30 IST" name="afterMethod" finished-at="2025-11-27T21:45:30 IST" duration-ms="2" status="PASS">
          <params>
            <param index="0">
              <value>
                <![CDATA[[TestResult name=verifyProductListTest status=SUCCESS method=VerifyProductListTest.verifyProductListTest()[pri:0, instance:PentaGroup.VerifyProductListTest@305ffe9e] output={null}]]]>
              </value>
            </param>
          </params>
          <reporter-output>
          </reporter-output>
        </test-method> <!-- afterMethod -->
        <test-method is-config="true" signature="afterClass()[pri:0, instance:PentaGroup.VerifyProductListTest@305ffe9e]" started-at="2025-11-27T21:45:30 IST" name="afterClass" finished-at="2025-11-27T21:45:31 IST" duration-ms="1158" status="PASS">
          <reporter-output>
          </reporter-output>
        </test-method> <!-- afterClass -->
        <test-method is-config="true" signature="afterSuite()[pri:0, instance:PentaGroup.VerifyProductListTest@305ffe9e]" started-at="2025-11-27T21:45:31 IST" name="afterSuite" finished-at="2025-11-27T21:45:32 IST" duration-ms="1042" status="PASS">
          <reporter-output>
          </reporter-output>
        </test-method> <!-- afterSuite -->
      </class> <!-- PentaGroup.VerifyProductListTest -->
    </test> <!-- Test -->
  </suite> <!-- Suite -->
</testng-results>
