<?xml version="1.0" encoding="UTF-8"?>
<testng-results ignored="0" total="1" passed="1" failed="0" skipped="0">
  <reporter-output>
  </reporter-output>
  <suite started-at="2025-11-27T17:42:36 IST" name="Suite" finished-at="2025-11-27T17:44:03 IST" duration-ms="87616">
    <groups>
    </groups>
    <test started-at="2025-11-27T17:42:36 IST" name="Test" finished-at="2025-11-27T17:44:03 IST" duration-ms="87616">
      <class name="PentaGroup.VerifyProductListTest">
        <test-method is-config="true" signature="beforeSuiteTest()[pri:0, instance:PentaGroup.VerifyProductListTest@7d9d0818]" started-at="2025-11-27T17:42:30 IST" name="beforeSuiteTest" finished-at="2025-11-27T17:42:36 IST" duration-ms="5360" status="PASS">
          <reporter-output>
          </reporter-output>
        </test-method> <!-- beforeSuiteTest -->
        <test-method is-config="true" signature="beforeClassTest(java.lang.String)[pri:0, instance:PentaGroup.VerifyProductListTest@7d9d0818]" started-at="2025-11-27T17:42:36 IST" name="beforeClassTest" finished-at="2025-11-27T17:43:05 IST" duration-ms="28735" status="PASS">
          <params>
            <param index="0">
              <value>
                <![CDATA[chrome]]>
              </value>
            </param>
          </params>
          <reporter-output>
          </reporter-output>
        </test-method> <!-- beforeClassTest -->
        <test-method is-config="true" signature="beforeMethodTest(java.lang.reflect.Method)[pri:0, instance:PentaGroup.VerifyProductListTest@7d9d0818]" started-at="2025-11-27T17:43:05 IST" name="beforeMethodTest" finished-at="2025-11-27T17:43:05 IST" duration-ms="44" status="PASS">
          <params>
            <param index="0">
              <value>
                <![CDATA[public void PentaGroup.VerifyProductListTest.verifyProductListTest() throws java.lang.InterruptedException]]>
              </value>
            </param>
          </params>
          <reporter-output>
          </reporter-output>
        </test-method> <!-- beforeMethodTest -->
        <test-method signature="verifyProductListTest()[pri:0, instance:PentaGroup.VerifyProductListTest@7d9d0818]" started-at="2025-11-27T17:43:05 IST" name="verifyProductListTest" finished-at="2025-11-27T17:44:01 IST" duration-ms="56268" status="PASS">
          <reporter-output>
          </reporter-output>
        </test-method> <!-- verifyProductListTest -->
        <test-method is-config="true" signature="afterMethodTest(org.testng.ITestResult)[pri:0, instance:PentaGroup.VerifyProductListTest@7d9d0818]" started-at="2025-11-27T17:44:01 IST" name="afterMethodTest" finished-at="2025-11-27T17:44:01 IST" duration-ms="11" status="PASS">
          <params>
            <param index="0">
              <value>
                <![CDATA[[TestResult name=verifyProductListTest status=SUCCESS method=VerifyProductListTest.verifyProductListTest()[pri:0, instance:PentaGroup.VerifyProductListTest@7d9d0818] output={null}]]]>
              </value>
            </param>
          </params>
          <reporter-output>
          </reporter-output>
        </test-method> <!-- afterMethodTest -->
        <test-method is-config="true" signature="afterClassTest()[pri:0, instance:PentaGroup.VerifyProductListTest@7d9d0818]" started-at="2025-11-27T17:44:01 IST" name="afterClassTest" finished-at="2025-11-27T17:44:03 IST" duration-ms="2428" status="PASS">
          <reporter-output>
          </reporter-output>
        </test-method> <!-- afterClassTest -->
        <test-method is-config="true" signature="afterSuiteTest()[pri:0, instance:PentaGroup.VerifyProductListTest@7d9d0818]" started-at="2025-11-27T17:44:03 IST" name="afterSuiteTest" finished-at="2025-11-27T17:44:05 IST" duration-ms="1216" status="PASS">
          <reporter-output>
          </reporter-output>
        </test-method> <!-- afterSuiteTest -->
      </class> <!-- PentaGroup.VerifyProductListTest -->
    </test> <!-- Test -->
  </suite> <!-- Suite -->
</testng-results>
