<?xml version="1.0" encoding="UTF-8"?>
<testng-results ignored="0" total="1" passed="1" failed="0" skipped="0">
  <reporter-output>
  </reporter-output>
  <suite started-at="2025-12-02T14:42:47 IST" name="Suite" finished-at="2025-12-02T14:44:27 IST" duration-ms="99781">
    <groups>
    </groups>
    <test started-at="2025-12-02T14:42:47 IST" name="Test" finished-at="2025-12-02T14:44:27 IST" duration-ms="99781">
      <class name="PentaGroup.VerifyProductListTest">
        <test-method is-config="true" signature="beforeSuiteTest()[pri:0, instance:PentaGroup.VerifyProductListTest@24569dba]" started-at="2025-12-02T14:42:41 IST" name="beforeSuiteTest" finished-at="2025-12-02T14:42:47 IST" duration-ms="6534" status="PASS">
          <reporter-output>
          </reporter-output>
        </test-method> <!-- beforeSuiteTest -->
        <test-method is-config="true" signature="beforeClassTest()[pri:0, instance:PentaGroup.VerifyProductListTest@24569dba]" started-at="2025-12-02T14:42:47 IST" name="beforeClassTest" finished-at="2025-12-02T14:43:18 IST" duration-ms="31056" status="PASS">
          <reporter-output>
          </reporter-output>
        </test-method> <!-- beforeClassTest -->
        <test-method is-config="true" signature="beforeMethodTest(java.lang.reflect.Method)[pri:0, instance:PentaGroup.VerifyProductListTest@24569dba]" started-at="2025-12-02T14:43:18 IST" name="beforeMethodTest" finished-at="2025-12-02T14:43:18 IST" duration-ms="64" status="PASS">
          <params>
            <param index="0">
              <value>
                <![CDATA[public void PentaGroup.VerifyProductListTest.verifyProductListTest()]]>
              </value>
            </param>
          </params>
          <reporter-output>
          </reporter-output>
        </test-method> <!-- beforeMethodTest -->
        <test-method signature="verifyProductListTest()[pri:0, instance:PentaGroup.VerifyProductListTest@24569dba]" started-at="2025-12-02T14:43:18 IST" name="verifyProductListTest" finished-at="2025-12-02T14:44:26 IST" duration-ms="67312" status="PASS">
          <reporter-output>
          </reporter-output>
        </test-method> <!-- verifyProductListTest -->
        <test-method is-config="true" signature="afterMethodTest(org.testng.ITestResult)[pri:0, instance:PentaGroup.VerifyProductListTest@24569dba]" started-at="2025-12-02T14:44:26 IST" name="afterMethodTest" finished-at="2025-12-02T14:44:26 IST" duration-ms="9" status="PASS">
          <params>
            <param index="0">
              <value>
                <![CDATA[[TestResult name=verifyProductListTest status=SUCCESS method=VerifyProductListTest.verifyProductListTest()[pri:0, instance:PentaGroup.VerifyProductListTest@24569dba] output={null}]]]>
              </value>
            </param>
          </params>
          <reporter-output>
          </reporter-output>
        </test-method> <!-- afterMethodTest -->
        <test-method is-config="true" signature="afterClassTest()[pri:0, instance:PentaGroup.VerifyProductListTest@24569dba]" started-at="2025-12-02T14:44:26 IST" name="afterClassTest" finished-at="2025-12-02T14:44:27 IST" duration-ms="1088" status="PASS">
          <reporter-output>
          </reporter-output>
        </test-method> <!-- afterClassTest -->
        <test-method is-config="true" signature="afterSuiteTest()[pri:0, instance:PentaGroup.VerifyProductListTest@24569dba]" started-at="2025-12-02T14:44:27 IST" name="afterSuiteTest" finished-at="2025-12-02T14:44:28 IST" duration-ms="1585" status="PASS">
          <reporter-output>
          </reporter-output>
        </test-method> <!-- afterSuiteTest -->
      </class> <!-- PentaGroup.VerifyProductListTest -->
    </test> <!-- Test -->
  </suite> <!-- Suite -->
</testng-results>
