<?xml version="1.0" encoding="UTF-8"?>
<!-- Generated by org.testng.reporters.JUnitReportReporter -->
<testsuite hostname="Niraj-PC" failures="0" tests="2" name="PentaGroup.VerifyProductListTest2" time="0.020" errors="1" timestamp="2025-11-27T21:45:33 IST" skipped="1">
  <testcase classname="PentaGroup.VerifyProductListTest2" name="beforeClassTest" time="0.019">
    <error message="Failed to launch browser" type="java.lang.RuntimeException">
      <![CDATA[java.lang.RuntimeException: Failed to launch browser
at com.douglas.genericUtility.BaseClass.beforeClassTest(BaseClass.java:330)
at java.base/jdk.internal.reflect.NativeMethodAccessorImpl.invoke0(Native Method)
at java.base/jdk.internal.reflect.NativeMethodAccessorImpl.invoke(NativeMethodAccessorImpl.java:77)
at java.base/jdk.internal.reflect.DelegatingMethodAccessorImpl.invoke(DelegatingMethodAccessorImpl.java:43)
at java.base/java.lang.reflect.Method.invoke(Method.java:568)
at org.testng.internal.invokers.MethodInvocationHelper.invokeMethod(MethodInvocationHelper.java:141)
at org.testng.internal.invokers.MethodInvocationHelper.invokeMethodConsideringTimeout(MethodInvocationHelper.java:71)
at org.testng.internal.invokers.ConfigInvoker.invokeConfigurationMethod(ConfigInvoker.java:400)
at org.testng.internal.invokers.ConfigInvoker.invokeConfigurations(ConfigInvoker.java:333)
at org.testng.internal.invokers.TestMethodWorker.invokeBeforeClassMethods(TestMethodWorker.java:188)
at org.testng.internal.invokers.TestMethodWorker.run(TestMethodWorker.java:128)
at java.base/java.util.concurrent.Executors$RunnableAdapter.call(Executors.java:539)
at java.base/java.util.concurrent.FutureTask.run(FutureTask.java:264)
at org.testng.internal.thread.graph.TestNGFutureTask.run(TestNGFutureTask.java:22)
at java.base/java.util.concurrent.ThreadPoolExecutor.runWorker(ThreadPoolExecutor.java:1136)
at java.base/java.util.concurrent.ThreadPoolExecutor$Worker.run(ThreadPoolExecutor.java:635)
at java.base/java.lang.Thread.run(Thread.java:840)
Caused by: java.lang.NullPointerException: Cannot invoke "com.douglas.genericUtility.PropertyFileUtility.getDataFromPropertyFile(String)" because "this.propertyFileUtility" is null
at com.douglas.genericUtility.BaseClass.beforeClassTest(BaseClass.java:288)
... 16 more
]]>
    </error>
  </testcase> <!-- beforeClassTest -->
  <testcase classname="PentaGroup.VerifyProductListTest2" name="verifyProductListTest" time="0.001">
    <skipped/>
  </testcase> <!-- verifyProductListTest -->
</testsuite> <!-- PentaGroup.VerifyProductListTest2 -->
